{"name": "Заказ черного самоката через нижнюю кнопку - набор данных 2", "status": "broken", "statusDetails": {"message": "selenium.common.exceptions.TimeoutException: Message: \nStacktrace:\nRemoteError@chrome://remote/content/shared/RemoteError.sys.mjs:8:8\nWebDriverError@chrome://remote/content/shared/webdriver/Errors.sys.mjs:202:5\nNoSuchElementError@chrome://remote/content/shared/webdriver/Errors.sys.mjs:555:5\ndom.find/</<@chrome://remote/content/shared/DOM.sys.mjs:136:16", "trace": "self = <test_order_flow.TestOrderFlow object at 0x000002864EECB2F0>, main_page = <pages.main_page.MainPage object at 0x000002864F044B00>\norder_page = <pages.order_page.OrderPage object at 0x000002864F044C30>\n\n    @allure.title(\"Заказ черного самоката через нижнюю кнопку - набор данных 2\")\n    def test_order_black_scooter_via_bottom_button_data_2(self, main_page, order_page):\n        with allure.step(\"Принять куки\"):\n            main_page.accept_cookies()\n    \n        with allure.step(\"Нажать на нижнюю кнопку 'Заказать'\"):\n            main_page.click_order_button_bottom()\n    \n        with allure.step(\"Заполнить форму заказа черного самоката\"):\n>           is_successful = order_page.complete_order_with_black_scooter(TestData.ORDER_DATA_2)\n                            ^^^^^^^^^^^^^^^^^^^^^^^^^^^^^^^^^^^^^^^^^^^^^^^^^^^^^^^^^^^^^^^^^^^\n\ntests\\test_order_flow.py:73: \n_ _ _ _ _ _ _ _ _ _ _ _ _ _ _ _ _ _ _ _ _ _ _ _ _ _ _ _ _ _ _ _ _ _ _ _ _ _ _ _ _ _ _ _ _ _ _ _ _ _ _ _ _ _ _ _ _ _ _ _ _ _ _ _ _ _ _ _ _ _ _ _ _ _ _ _ _ _ _ _ _ _ _\npages\\order_page.py:95: in complete_order_with_black_scooter\n    self.confirm_order()\npages\\order_page.py:66: in confirm_order\n    self.click_on_element(OrderPageLocators.CONFIRM_ORDER_BUTTON)\npages\\base_page.py:28: in click_on_element\n    element = self.wait_for_element(locator, timeout)\n              ^^^^^^^^^^^^^^^^^^^^^^^^^^^^^^^^^^^^^^^\npages\\base_page.py:19: in wait_for_element\n    return WebDriverWait(self.driver, timeout).until(EC.visibility_of_element_located(locator))\n           ^^^^^^^^^^^^^^^^^^^^^^^^^^^^^^^^^^^^^^^^^^^^^^^^^^^^^^^^^^^^^^^^^^^^^^^^^^^^^^^^^^^^\n_ _ _ _ _ _ _ _ _ _ _ _ _ _ _ _ _ _ _ _ _ _ _ _ _ _ _ _ _ _ _ _ _ _ _ _ _ _ _ _ _ _ _ _ _ _ _ _ _ _ _ _ _ _ _ _ _ _ _ _ _ _ _ _ _ _ _ _ _ _ _ _ _ _ _ _ _ _ _ _ _ _ _\n\nself = <selenium.webdriver.support.wait.WebDriverWait (session=\"239bfe9a-be9a-4a9e-a82b-463d99ce5f38\")>\nmethod = <function visibility_of_element_located.<locals>._predicate at 0x000002864EFEF110>, message = ''\n\n    def until(self, method: Callable[[D], Literal[False] | T], message: str = \"\") -> T:\n        \"\"\"Wait until the method returns a value that is not False.\n    \n        Calls the method provided with the driver as an argument until the\n        return value does not evaluate to ``False``.\n    \n        Args:\n            method: A callable object that takes a WebDriver instance as an\n                argument.\n            message: Optional message for TimeoutException.\n    \n        Returns:\n            The result of the last call to `method`.\n    \n        Raises:\n            TimeoutException: If 'method' does not return a truthy value within\n                the WebDriverWait object's timeout.\n    \n        Example:\n            >>> from selenium.webdriver.common.by import By\n            >>> from selenium.webdriver.support.ui import WebDriverWait\n            >>> from selenium.webdriver.support import expected_conditions as EC\n            >>>\n            >>> # Wait until an element is visible on the page\n            >>> wait = WebDriverWait(driver, 10)\n            >>> element = wait.until(EC.visibility_of_element_located((By.ID, \"exampleId\")))\n            >>> print(element.text)\n        \"\"\"\n        screen = None\n        stacktrace = None\n    \n        end_time = time.monotonic() + self._timeout\n        while True:\n            try:\n                value = method(self._driver)\n                if value:\n                    return value\n            except self._ignored_exceptions as exc:\n                screen = getattr(exc, \"screen\", None)\n                stacktrace = getattr(exc, \"stacktrace\", None)\n            if time.monotonic() > end_time:\n                break\n            time.sleep(self._poll)\n>       raise TimeoutException(message, screen, stacktrace)\nE       selenium.common.exceptions.TimeoutException: Message: \nE       Stacktrace:\nE       RemoteError@chrome://remote/content/shared/RemoteError.sys.mjs:8:8\nE       WebDriverError@chrome://remote/content/shared/webdriver/Errors.sys.mjs:202:5\nE       NoSuchElementError@chrome://remote/content/shared/webdriver/Errors.sys.mjs:555:5\nE       dom.find/</<@chrome://remote/content/shared/DOM.sys.mjs:136:16\n\n.venv\\Lib\\site-packages\\selenium\\webdriver\\support\\wait.py:122: TimeoutException"}, "steps": [{"name": "Принять куки", "status": "passed", "steps": [{"name": "Принять куки", "status": "passed", "steps": [{"name": "Кликнуть на элемент", "status": "passed", "steps": [{"name": "Подождать видимости элемента", "status": "passed", "parameters": [{"name": "locator", "value": "('id', 'rcc-confirm-button')"}, {"name": "timeout", "value": "10"}], "start": 1767126713083, "stop": 1767126713118}], "parameters": [{"name": "locator", "value": "('id', 'rcc-confirm-button')"}, {"name": "timeout", "value": "10"}], "start": 1767126713083, "stop": 1767126713218}], "start": 1767126713083, "stop": 1767126713219}], "start": 1767126713083, "stop": 1767126713219}, {"name": "Нажать на нижнюю кнопку 'Заказать'", "status": "passed", "steps": [{"name": "Кликнуть на кнопку 'Заказать' внизу", "status": "passed", "steps": [{"name": "Скролл до элемента", "status": "passed", "steps": [{"name": "Подождать видимости элемента", "status": "passed", "parameters": [{"name": "locator", "value": "('xpath', \"//button[@class='Button_Button__ra12g Button_Middle__1CSJM']\")"}, {"name": "timeout", "value": "10"}], "start": 1767126713219, "stop": 1767126713231}], "parameters": [{"name": "locator", "value": "('xpath', \"//button[@class='Button_Button__ra12g Button_Middle__1CSJM']\")"}, {"name": "timeout", "value": "10"}], "start": 1767126713219, "stop": 1767126713241}, {"name": "Кликнуть на элемент", "status": "passed", "steps": [{"name": "Подождать видимости элемента", "status": "passed", "parameters": [{"name": "locator", "value": "('xpath', \"//button[@class='Button_Button__ra12g Button_Middle__1CSJM']\")"}, {"name": "timeout", "value": "10"}], "start": 1767126713241, "stop": 1767126713252}], "parameters": [{"name": "locator", "value": "('xpath', \"//button[@class='Button_Button__ra12g Button_Middle__1CSJM']\")"}, {"name": "timeout", "value": "10"}], "start": 1767126713241, "stop": 1767126713327}], "start": 1767126713219, "stop": 1767126713327}], "start": 1767126713219, "stop": 1767126713327}, {"name": "Заполнить форму заказа черного самоката", "status": "broken", "statusDetails": {"message": "selenium.common.exceptions.TimeoutException: Message: \nStacktrace:\nRemoteError@chrome://remote/content/shared/RemoteError.sys.mjs:8:8\nWebDriverError@chrome://remote/content/shared/webdriver/Errors.sys.mjs:202:5\nNoSuchElementError@chrome://remote/content/shared/webdriver/Errors.sys.mjs:555:5\ndom.find/</<@chrome://remote/content/shared/DOM.sys.mjs:136:16\n\n", "trace": "  File \"C:\\Users\\1\\Sprint_6\\tests\\test_order_flow.py\", line 73, in test_order_black_scooter_via_bottom_button_data_2\n    is_successful = order_page.complete_order_with_black_scooter(TestData.ORDER_DATA_2)\n  File \"C:\\Users\\1\\Sprint_6\\.venv\\Lib\\site-packages\\allure_commons\\_allure.py\", line 202, in impl\n    return func(*a, **kw)\n  File \"C:\\Users\\1\\Sprint_6\\pages\\order_page.py\", line 95, in complete_order_with_black_scooter\n    self.confirm_order()\n    ~~~~~~~~~~~~~~~~~~^^\n  File \"C:\\Users\\1\\Sprint_6\\.venv\\Lib\\site-packages\\allure_commons\\_allure.py\", line 202, in impl\n    return func(*a, **kw)\n  File \"C:\\Users\\1\\Sprint_6\\pages\\order_page.py\", line 66, in confirm_order\n    self.click_on_element(OrderPageLocators.CONFIRM_ORDER_BUTTON)\n    ~~~~~~~~~~~~~~~~~~~~~^^^^^^^^^^^^^^^^^^^^^^^^^^^^^^^^^^^^^^^^\n  File \"C:\\Users\\1\\Sprint_6\\.venv\\Lib\\site-packages\\allure_commons\\_allure.py\", line 202, in impl\n    return func(*a, **kw)\n  File \"C:\\Users\\1\\Sprint_6\\pages\\base_page.py\", line 28, in click_on_element\n    element = self.wait_for_element(locator, timeout)\n  File \"C:\\Users\\1\\Sprint_6\\.venv\\Lib\\site-packages\\allure_commons\\_allure.py\", line 202, in impl\n    return func(*a, **kw)\n  File \"C:\\Users\\1\\Sprint_6\\pages\\base_page.py\", line 19, in wait_for_element\n    return WebDriverWait(self.driver, timeout).until(EC.visibility_of_element_located(locator))\n           ~~~~~~~~~~~~~~~~~~~~~~~~~~~~~~~~~~~~~~~~~^^^^^^^^^^^^^^^^^^^^^^^^^^^^^^^^^^^^^^^^^^^\n  File \"C:\\Users\\1\\Sprint_6\\.venv\\Lib\\site-packages\\selenium\\webdriver\\support\\wait.py\", line 122, in until\n    raise TimeoutException(message, screen, stacktrace)\n"}, "steps": [{"name": "Заполнить полную форму заказа c черным самокатом", "status": "broken", "statusDetails": {"message": "selenium.common.exceptions.TimeoutException: Message: \nStacktrace:\nRemoteError@chrome://remote/content/shared/RemoteError.sys.mjs:8:8\nWebDriverError@chrome://remote/content/shared/webdriver/Errors.sys.mjs:202:5\nNoSuchElementError@chrome://remote/content/shared/webdriver/Errors.sys.mjs:555:5\ndom.find/</<@chrome://remote/content/shared/DOM.sys.mjs:136:16\n\n", "trace": "  File \"C:\\Users\\1\\Sprint_6\\.venv\\Lib\\site-packages\\allure_commons\\_allure.py\", line 202, in impl\n    return func(*a, **kw)\n  File \"C:\\Users\\1\\Sprint_6\\pages\\order_page.py\", line 95, in complete_order_with_black_scooter\n    self.confirm_order()\n    ~~~~~~~~~~~~~~~~~~^^\n  File \"C:\\Users\\1\\Sprint_6\\.venv\\Lib\\site-packages\\allure_commons\\_allure.py\", line 202, in impl\n    return func(*a, **kw)\n  File \"C:\\Users\\1\\Sprint_6\\pages\\order_page.py\", line 66, in confirm_order\n    self.click_on_element(OrderPageLocators.CONFIRM_ORDER_BUTTON)\n    ~~~~~~~~~~~~~~~~~~~~~^^^^^^^^^^^^^^^^^^^^^^^^^^^^^^^^^^^^^^^^\n  File \"C:\\Users\\1\\Sprint_6\\.venv\\Lib\\site-packages\\allure_commons\\_allure.py\", line 202, in impl\n    return func(*a, **kw)\n  File \"C:\\Users\\1\\Sprint_6\\pages\\base_page.py\", line 28, in click_on_element\n    element = self.wait_for_element(locator, timeout)\n  File \"C:\\Users\\1\\Sprint_6\\.venv\\Lib\\site-packages\\allure_commons\\_allure.py\", line 202, in impl\n    return func(*a, **kw)\n  File \"C:\\Users\\1\\Sprint_6\\pages\\base_page.py\", line 19, in wait_for_element\n    return WebDriverWait(self.driver, timeout).until(EC.visibility_of_element_located(locator))\n           ~~~~~~~~~~~~~~~~~~~~~~~~~~~~~~~~~~~~~~~~~^^^^^^^^^^^^^^^^^^^^^^^^^^^^^^^^^^^^^^^^^^^\n  File \"C:\\Users\\1\\Sprint_6\\.venv\\Lib\\site-packages\\selenium\\webdriver\\support\\wait.py\", line 122, in until\n    raise TimeoutException(message, screen, stacktrace)\n"}, "steps": [{"name": "Заполнить первую форму заказа", "status": "passed", "steps": [{"name": "Ввести текст в поле ввода", "status": "passed", "steps": [{"name": "Подождать видимости элемента", "status": "passed", "parameters": [{"name": "locator", "value": "('xpath', \".//input[@placeholder='* Имя']\")"}, {"name": "timeout", "value": "10"}], "start": 1767126713328, "stop": 1767126713340}], "parameters": [{"name": "locator", "value": "('xpath', \".//input[@placeholder='* Имя']\")"}, {"name": "keys", "value": "'Маша'"}, {"name": "timeout", "value": "10"}], "start": 1767126713328, "stop": 1767126713374}, {"name": "Ввести текст в поле ввода", "status": "passed", "steps": [{"name": "Подождать видимости элемента", "status": "passed", "parameters": [{"name": "locator", "value": "('xpath', \".//input[@placeholder='* Фамилия']\")"}, {"name": "timeout", "value": "10"}], "start": 1767126713374, "stop": 1767126713387}], "parameters": [{"name": "locator", "value": "('xpath', \".//input[@placeholder='* Фамилия']\")"}, {"name": "keys", "value": "'Сидорова'"}, {"name": "timeout", "value": "10"}], "start": 1767126713374, "stop": 1767126713415}, {"name": "Ввести текст в поле ввода", "status": "passed", "steps": [{"name": "Подождать видимости элемента", "status": "passed", "parameters": [{"name": "locator", "value": "('xpath', \".//input[@placeholder='* Адрес: куда привезти заказ']\")"}, {"name": "timeout", "value": "10"}], "start": 1767126713415, "stop": 1767126713427}], "parameters": [{"name": "locator", "value": "('xpath', \".//input[@placeholder='* Адрес: куда привезти заказ']\")"}, {"name": "keys", "value": "'пр. Мира, д. 25, кв. 12'"}, {"name": "timeout", "value": "10"}], "start": 1767126713415, "stop": 1767126713528}, {"name": "Кликнуть на элемент", "status": "passed", "steps": [{"name": "Подождать видимости элемента", "status": "passed", "parameters": [{"name": "locator", "value": "('xpath', \".//input[@placeholder='* Станция метро']\")"}, {"name": "timeout", "value": "10"}], "start": 1767126713528, "stop": 1767126713561}], "parameters": [{"name": "locator", "value": "('xpath', \".//input[@placeholder='* Станция метро']\")"}, {"name": "timeout", "value": "10"}], "start": 1767126713528, "stop": 1767126713671}, {"name": "Ввести текст в поле ввода", "status": "passed", "steps": [{"name": "Подождать видимости элемента", "status": "passed", "parameters": [{"name": "locator", "value": "('xpath', \".//input[@placeholder='* Телефон: на него позвонит курьер']\")"}, {"name": "timeout", "value": "10"}], "start": 1767126716027, "stop": 1767126716052}], "parameters": [{"name": "locator", "value": "('xpath', \".//input[@placeholder='* Телефон: на него позвонит курьер']\")"}, {"name": "keys", "value": "'+79971575367'"}, {"name": "timeout", "value": "10"}], "start": 1767126716027, "stop": 1767126716090}], "parameters": [{"name": "name", "value": "'Маша'"}, {"name": "surname", "value": "'Сидорова'"}, {"name": "address", "value": "'пр. Мира, д. 25, кв. 12'"}, {"name": "station_index", "value": "3"}, {"name": "phone", "value": "'+79971575367'"}], "start": 1767126713328, "stop": 1767126716090}, {"name": "Нажать кнопку 'Далее'", "status": "passed", "steps": [{"name": "Кликнуть на элемент", "status": "passed", "steps": [{"name": "Подождать видимости элемента", "status": "passed", "parameters": [{"name": "locator", "value": "('xpath', \".//button[text()='Далее']\")"}, {"name": "timeout", "value": "10"}], "start": 1767126716091, "stop": 1767126716104}], "parameters": [{"name": "locator", "value": "('xpath', \".//button[text()='Далее']\")"}, {"name": "timeout", "value": "10"}], "start": 1767126716091, "stop": 1767126716165}], "start": 1767126716090, "stop": 1767126716165}, {"name": "Заполнить вторую форму заказа с черным самокатом", "status": "passed", "steps": [{"name": "Заполнить общие поля второй формы заказа", "status": "passed", "steps": [{"name": "Ввести текст в поле ввода", "status": "passed", "steps": [{"name": "Подождать видимости элемента", "status": "passed", "parameters": [{"name": "locator", "value": "('xpath', \".//input[@placeholder='* Когда привезти самокат']\")"}, {"name": "timeout", "value": "10"}], "start": 1767126716166, "stop": 1767126716177}], "parameters": [{"name": "locator", "value": "('xpath', \".//input[@placeholder='* Когда привезти самокат']\")"}, {"name": "keys", "value": "'25.12.2025'"}, {"name": "timeout", "value": "10"}], "start": 1767126716166, "stop": 1767126716303}, {"name": "Кликнуть на элемент", "status": "passed", "steps": [{"name": "Подождать видимости элемента", "status": "passed", "parameters": [{"name": "locator", "value": "('xpath', \"//div[@class='Order_Header__BZXOb' and text()='Про аренду']\")"}, {"name": "timeout", "value": "10"}], "start": 1767126716304, "stop": 1767126716315}], "parameters": [{"name": "locator", "value": "('xpath', \"//div[@class='Order_Header__BZXOb' and text()='Про аренду']\")"}, {"name": "timeout", "value": "10"}], "start": 1767126716303, "stop": 1767126716386}, {"name": "Кликнуть на элемент", "status": "passed", "steps": [{"name": "Подождать видимости элемента", "status": "passed", "parameters": [{"name": "locator", "value": "('xpath', \"//div[contains(@class, 'Dropdown-placeholder')]\")"}, {"name": "timeout", "value": "10"}], "start": 1767126716387, "stop": 1767126716410}], "parameters": [{"name": "locator", "value": "('xpath', \"//div[contains(@class, 'Dropdown-placeholder')]\")"}, {"name": "timeout", "value": "10"}], "start": 1767126716387, "stop": 1767126716477}, {"name": "Ввести текст в поле ввода", "status": "passed", "steps": [{"name": "Подождать видимости элемента", "status": "passed", "parameters": [{"name": "locator", "value": "('xpath', \".//input[@placeholder='Комментарий для курьера']\")"}, {"name": "timeout", "value": "10"}], "start": 1767126716510, "stop": 1767126716522}], "parameters": [{"name": "locator", "value": "('xpath', \".//input[@placeholder='Комментарий для курьера']\")"}, {"name": "keys", "value": "'Оставить у двери'"}, {"name": "timeout", "value": "10"}], "start": 1767126716510, "stop": 1767126716555}], "parameters": [{"name": "date", "value": "'25.12.2025'"}, {"name": "period", "value": "'сутки'"}, {"name": "comment", "value": "'Оставить у двери'"}], "start": 1767126716165, "stop": 1767126716555}, {"name": "Кликнуть на элемент", "status": "passed", "steps": [{"name": "Подождать видимости элемента", "status": "passed", "parameters": [{"name": "locator", "value": "('id', 'black')"}, {"name": "timeout", "value": "10"}], "start": 1767126716555, "stop": 1767126716569}], "parameters": [{"name": "locator", "value": "('id', 'black')"}, {"name": "timeout", "value": "10"}], "start": 1767126716555, "stop": 1767126716635}], "parameters": [{"name": "date", "value": "'25.12.2025'"}, {"name": "period", "value": "'сутки'"}, {"name": "comment", "value": "'Оставить у двери'"}], "start": 1767126716165, "stop": 1767126716635}, {"name": "Нажать кнопку 'Заказать'", "status": "passed", "steps": [{"name": "Кликнуть на элемент", "status": "passed", "steps": [{"name": "Подождать видимости элемента", "status": "passed", "parameters": [{"name": "locator", "value": "('xpath', \".//div[contains(@class, 'Order_Buttons')]//button[text()='Заказать']\")"}, {"name": "timeout", "value": "10"}], "start": 1767126716635, "stop": 1767126716646}], "parameters": [{"name": "locator", "value": "('xpath', \".//div[contains(@class, 'Order_Buttons')]//button[text()='Заказать']\")"}, {"name": "timeout", "value": "10"}], "start": 1767126716635, "stop": 1767126716712}], "start": 1767126716635, "stop": 1767126716712}, {"name": "Подтвердить заказ", "status": "broken", "statusDetails": {"message": "selenium.common.exceptions.TimeoutException: Message: \nStacktrace:\nRemoteError@chrome://remote/content/shared/RemoteError.sys.mjs:8:8\nWebDriverError@chrome://remote/content/shared/webdriver/Errors.sys.mjs:202:5\nNoSuchElementError@chrome://remote/content/shared/webdriver/Errors.sys.mjs:555:5\ndom.find/</<@chrome://remote/content/shared/DOM.sys.mjs:136:16\n\n", "trace": "  File \"C:\\Users\\1\\Sprint_6\\.venv\\Lib\\site-packages\\allure_commons\\_allure.py\", line 202, in impl\n    return func(*a, **kw)\n  File \"C:\\Users\\1\\Sprint_6\\pages\\order_page.py\", line 66, in confirm_order\n    self.click_on_element(OrderPageLocators.CONFIRM_ORDER_BUTTON)\n    ~~~~~~~~~~~~~~~~~~~~~^^^^^^^^^^^^^^^^^^^^^^^^^^^^^^^^^^^^^^^^\n  File \"C:\\Users\\1\\Sprint_6\\.venv\\Lib\\site-packages\\allure_commons\\_allure.py\", line 202, in impl\n    return func(*a, **kw)\n  File \"C:\\Users\\1\\Sprint_6\\pages\\base_page.py\", line 28, in click_on_element\n    element = self.wait_for_element(locator, timeout)\n  File \"C:\\Users\\1\\Sprint_6\\.venv\\Lib\\site-packages\\allure_commons\\_allure.py\", line 202, in impl\n    return func(*a, **kw)\n  File \"C:\\Users\\1\\Sprint_6\\pages\\base_page.py\", line 19, in wait_for_element\n    return WebDriverWait(self.driver, timeout).until(EC.visibility_of_element_located(locator))\n           ~~~~~~~~~~~~~~~~~~~~~~~~~~~~~~~~~~~~~~~~~^^^^^^^^^^^^^^^^^^^^^^^^^^^^^^^^^^^^^^^^^^^\n  File \"C:\\Users\\1\\Sprint_6\\.venv\\Lib\\site-packages\\selenium\\webdriver\\support\\wait.py\", line 122, in until\n    raise TimeoutException(message, screen, stacktrace)\n"}, "steps": [{"name": "Кликнуть на элемент", "status": "broken", "statusDetails": {"message": "selenium.common.exceptions.TimeoutException: Message: \nStacktrace:\nRemoteError@chrome://remote/content/shared/RemoteError.sys.mjs:8:8\nWebDriverError@chrome://remote/content/shared/webdriver/Errors.sys.mjs:202:5\nNoSuchElementError@chrome://remote/content/shared/webdriver/Errors.sys.mjs:555:5\ndom.find/</<@chrome://remote/content/shared/DOM.sys.mjs:136:16\n\n", "trace": "  File \"C:\\Users\\1\\Sprint_6\\.venv\\Lib\\site-packages\\allure_commons\\_allure.py\", line 202, in impl\n    return func(*a, **kw)\n  File \"C:\\Users\\1\\Sprint_6\\pages\\base_page.py\", line 28, in click_on_element\n    element = self.wait_for_element(locator, timeout)\n  File \"C:\\Users\\1\\Sprint_6\\.venv\\Lib\\site-packages\\allure_commons\\_allure.py\", line 202, in impl\n    return func(*a, **kw)\n  File \"C:\\Users\\1\\Sprint_6\\pages\\base_page.py\", line 19, in wait_for_element\n    return WebDriverWait(self.driver, timeout).until(EC.visibility_of_element_located(locator))\n           ~~~~~~~~~~~~~~~~~~~~~~~~~~~~~~~~~~~~~~~~~^^^^^^^^^^^^^^^^^^^^^^^^^^^^^^^^^^^^^^^^^^^\n  File \"C:\\Users\\1\\Sprint_6\\.venv\\Lib\\site-packages\\selenium\\webdriver\\support\\wait.py\", line 122, in until\n    raise TimeoutException(message, screen, stacktrace)\n"}, "steps": [{"name": "Подождать видимости элемента", "status": "broken", "statusDetails": {"message": "selenium.common.exceptions.TimeoutException: Message: \nStacktrace:\nRemoteError@chrome://remote/content/shared/RemoteError.sys.mjs:8:8\nWebDriverError@chrome://remote/content/shared/webdriver/Errors.sys.mjs:202:5\nNoSuchElementError@chrome://remote/content/shared/webdriver/Errors.sys.mjs:555:5\ndom.find/</<@chrome://remote/content/shared/DOM.sys.mjs:136:16\n\n", "trace": "  File \"C:\\Users\\1\\Sprint_6\\.venv\\Lib\\site-packages\\allure_commons\\_allure.py\", line 202, in impl\n    return func(*a, **kw)\n  File \"C:\\Users\\1\\Sprint_6\\pages\\base_page.py\", line 19, in wait_for_element\n    return WebDriverWait(self.driver, timeout).until(EC.visibility_of_element_located(locator))\n           ~~~~~~~~~~~~~~~~~~~~~~~~~~~~~~~~~~~~~~~~~^^^^^^^^^^^^^^^^^^^^^^^^^^^^^^^^^^^^^^^^^^^\n  File \"C:\\Users\\1\\Sprint_6\\.venv\\Lib\\site-packages\\selenium\\webdriver\\support\\wait.py\", line 122, in until\n    raise TimeoutException(message, screen, stacktrace)\n"}, "parameters": [{"name": "locator", "value": "('xpath', \".//button[text()='Да']\")"}, {"name": "timeout", "value": "10"}], "start": 1767126716712, "stop": 1767126726877}], "parameters": [{"name": "locator", "value": "('xpath', \".//button[text()='Да']\")"}, {"name": "timeout", "value": "10"}], "start": 1767126716712, "stop": 1767126726880}], "start": 1767126716712, "stop": 1767126726883}], "parameters": [{"name": "order_data", "value": "{'name': 'Маша', 'surname': 'Сидорова', 'address': 'пр. Мира, д. 25, кв. 12', 'station_index': 3, 'phone': '+79971575367', 'date': '25.12.2025', 'period': 'сутки', 'comment': 'Оставить у двери'}"}], "start": 1767126713328, "stop": 1767126726887}], "start": 1767126713328, "stop": 1767126726890}], "start": 1767126713082, "stop": 1767126726892, "uuid": "9b1a91cb-697f-4c9b-9657-398b257cd4a6", "historyId": "2e759df8a1ba9dab35578f02a0e7e53e", "testCaseId": "2e759df8a1ba9dab35578f02a0e7e53e", "fullName": "tests.test_order_flow.TestOrderFlow#test_order_black_scooter_via_bottom_button_data_2", "labels": [{"name": "parentSuite", "value": "tests"}, {"name": "suite", "value": "test_order_flow"}, {"name": "subSuite", "value": "TestOrderFlow"}, {"name": "host", "value": "DESKTOP-FQNA0G3"}, {"name": "thread", "value": "17176-MainThread"}, {"name": "framework", "value": "pytest"}, {"name": "language", "value": "cpython3"}, {"name": "package", "value": "tests.test_order_flow"}], "titlePath": ["tests", "test_order_flow.py", "TestOrderFlow"]}