{"name": "Заказ черного самоката через нижнюю кнопку - набор данных 1", "status": "broken", "statusDetails": {"message": "selenium.common.exceptions.TimeoutException: Message: \nStacktrace:\nRemoteError@chrome://remote/content/shared/RemoteError.sys.mjs:8:8\nWebDriverError@chrome://remote/content/shared/webdriver/Errors.sys.mjs:202:5\nNoSuchElementError@chrome://remote/content/shared/webdriver/Errors.sys.mjs:555:5\ndom.find/</<@chrome://remote/content/shared/DOM.sys.mjs:136:16", "trace": "self = <test_order_flow.TestOrderFlow object at 0x000002864EF2A990>, main_page = <pages.main_page.MainPage object at 0x000002864EFDA710>\norder_page = <pages.order_page.OrderPage object at 0x000002864EFDA850>\n\n    @allure.title(\"Заказ черного самоката через нижнюю кнопку - набор данных 1\")\n    def test_order_black_scooter_via_bottom_button_data_1(self, main_page, order_page):\n        with allure.step(\"Принять куки\"):\n            main_page.accept_cookies()\n    \n        with allure.step(\"Нажать на нижнюю кнопку 'Заказать'\"):\n            main_page.click_order_button_bottom()\n    \n        with allure.step(\"Заполнить форму заказа черного самоката\"):\n>           is_successful = order_page.complete_order_with_black_scooter(TestData.ORDER_DATA_1)\n                            ^^^^^^^^^^^^^^^^^^^^^^^^^^^^^^^^^^^^^^^^^^^^^^^^^^^^^^^^^^^^^^^^^^^\n\ntests\\test_order_flow.py:31: \n_ _ _ _ _ _ _ _ _ _ _ _ _ _ _ _ _ _ _ _ _ _ _ _ _ _ _ _ _ _ _ _ _ _ _ _ _ _ _ _ _ _ _ _ _ _ _ _ _ _ _ _ _ _ _ _ _ _ _ _ _ _ _ _ _ _ _ _ _ _ _ _ _ _ _ _ _ _ _ _ _ _ _\npages\\order_page.py:95: in complete_order_with_black_scooter\n    self.confirm_order()\npages\\order_page.py:66: in confirm_order\n    self.click_on_element(OrderPageLocators.CONFIRM_ORDER_BUTTON)\npages\\base_page.py:28: in click_on_element\n    element = self.wait_for_element(locator, timeout)\n              ^^^^^^^^^^^^^^^^^^^^^^^^^^^^^^^^^^^^^^^\npages\\base_page.py:19: in wait_for_element\n    return WebDriverWait(self.driver, timeout).until(EC.visibility_of_element_located(locator))\n           ^^^^^^^^^^^^^^^^^^^^^^^^^^^^^^^^^^^^^^^^^^^^^^^^^^^^^^^^^^^^^^^^^^^^^^^^^^^^^^^^^^^^\n_ _ _ _ _ _ _ _ _ _ _ _ _ _ _ _ _ _ _ _ _ _ _ _ _ _ _ _ _ _ _ _ _ _ _ _ _ _ _ _ _ _ _ _ _ _ _ _ _ _ _ _ _ _ _ _ _ _ _ _ _ _ _ _ _ _ _ _ _ _ _ _ _ _ _ _ _ _ _ _ _ _ _\n\nself = <selenium.webdriver.support.wait.WebDriverWait (session=\"2da6f007-dd97-42b9-95fc-a3fdf3fe5cb7\")>\nmethod = <function visibility_of_element_located.<locals>._predicate at 0x000002864EFEEC40>, message = ''\n\n    def until(self, method: Callable[[D], Literal[False] | T], message: str = \"\") -> T:\n        \"\"\"Wait until the method returns a value that is not False.\n    \n        Calls the method provided with the driver as an argument until the\n        return value does not evaluate to ``False``.\n    \n        Args:\n            method: A callable object that takes a WebDriver instance as an\n                argument.\n            message: Optional message for TimeoutException.\n    \n        Returns:\n            The result of the last call to `method`.\n    \n        Raises:\n            TimeoutException: If 'method' does not return a truthy value within\n                the WebDriverWait object's timeout.\n    \n        Example:\n            >>> from selenium.webdriver.common.by import By\n            >>> from selenium.webdriver.support.ui import WebDriverWait\n            >>> from selenium.webdriver.support import expected_conditions as EC\n            >>>\n            >>> # Wait until an element is visible on the page\n            >>> wait = WebDriverWait(driver, 10)\n            >>> element = wait.until(EC.visibility_of_element_located((By.ID, \"exampleId\")))\n            >>> print(element.text)\n        \"\"\"\n        screen = None\n        stacktrace = None\n    \n        end_time = time.monotonic() + self._timeout\n        while True:\n            try:\n                value = method(self._driver)\n                if value:\n                    return value\n            except self._ignored_exceptions as exc:\n                screen = getattr(exc, \"screen\", None)\n                stacktrace = getattr(exc, \"stacktrace\", None)\n            if time.monotonic() > end_time:\n                break\n            time.sleep(self._poll)\n>       raise TimeoutException(message, screen, stacktrace)\nE       selenium.common.exceptions.TimeoutException: Message: \nE       Stacktrace:\nE       RemoteError@chrome://remote/content/shared/RemoteError.sys.mjs:8:8\nE       WebDriverError@chrome://remote/content/shared/webdriver/Errors.sys.mjs:202:5\nE       NoSuchElementError@chrome://remote/content/shared/webdriver/Errors.sys.mjs:555:5\nE       dom.find/</<@chrome://remote/content/shared/DOM.sys.mjs:136:16\n\n.venv\\Lib\\site-packages\\selenium\\webdriver\\support\\wait.py:122: TimeoutException"}, "steps": [{"name": "Принять куки", "status": "passed", "steps": [{"name": "Принять куки", "status": "passed", "steps": [{"name": "Кликнуть на элемент", "status": "passed", "steps": [{"name": "Подождать видимости элемента", "status": "passed", "parameters": [{"name": "locator", "value": "('id', 'rcc-confirm-button')"}, {"name": "timeout", "value": "10"}], "start": 1767126667911, "stop": 1767126667945}], "parameters": [{"name": "locator", "value": "('id', 'rcc-confirm-button')"}, {"name": "timeout", "value": "10"}], "start": 1767126667911, "stop": 1767126668029}], "start": 1767126667911, "stop": 1767126668029}], "start": 1767126667911, "stop": 1767126668029}, {"name": "Нажать на нижнюю кнопку 'Заказать'", "status": "passed", "steps": [{"name": "Кликнуть на кнопку 'Заказать' внизу", "status": "passed", "steps": [{"name": "Скролл до элемента", "status": "passed", "steps": [{"name": "Подождать видимости элемента", "status": "passed", "parameters": [{"name": "locator", "value": "('xpath', \"//button[@class='Button_Button__ra12g Button_Middle__1CSJM']\")"}, {"name": "timeout", "value": "10"}], "start": 1767126668029, "stop": 1767126668041}], "parameters": [{"name": "locator", "value": "('xpath', \"//button[@class='Button_Button__ra12g Button_Middle__1CSJM']\")"}, {"name": "timeout", "value": "10"}], "start": 1767126668029, "stop": 1767126668045}, {"name": "Кликнуть на элемент", "status": "passed", "steps": [{"name": "Подождать видимости элемента", "status": "passed", "parameters": [{"name": "locator", "value": "('xpath', \"//button[@class='Button_Button__ra12g Button_Middle__1CSJM']\")"}, {"name": "timeout", "value": "10"}], "start": 1767126668045, "stop": 1767126668056}], "parameters": [{"name": "locator", "value": "('xpath', \"//button[@class='Button_Button__ra12g Button_Middle__1CSJM']\")"}, {"name": "timeout", "value": "10"}], "start": 1767126668045, "stop": 1767126668167}], "start": 1767126668029, "stop": 1767126668167}], "start": 1767126668029, "stop": 1767126668167}, {"name": "Заполнить форму заказа черного самоката", "status": "broken", "statusDetails": {"message": "selenium.common.exceptions.TimeoutException: Message: \nStacktrace:\nRemoteError@chrome://remote/content/shared/RemoteError.sys.mjs:8:8\nWebDriverError@chrome://remote/content/shared/webdriver/Errors.sys.mjs:202:5\nNoSuchElementError@chrome://remote/content/shared/webdriver/Errors.sys.mjs:555:5\ndom.find/</<@chrome://remote/content/shared/DOM.sys.mjs:136:16\n\n", "trace": "  File \"C:\\Users\\1\\Sprint_6\\tests\\test_order_flow.py\", line 31, in test_order_black_scooter_via_bottom_button_data_1\n    is_successful = order_page.complete_order_with_black_scooter(TestData.ORDER_DATA_1)\n  File \"C:\\Users\\1\\Sprint_6\\.venv\\Lib\\site-packages\\allure_commons\\_allure.py\", line 202, in impl\n    return func(*a, **kw)\n  File \"C:\\Users\\1\\Sprint_6\\pages\\order_page.py\", line 95, in complete_order_with_black_scooter\n    self.confirm_order()\n    ~~~~~~~~~~~~~~~~~~^^\n  File \"C:\\Users\\1\\Sprint_6\\.venv\\Lib\\site-packages\\allure_commons\\_allure.py\", line 202, in impl\n    return func(*a, **kw)\n  File \"C:\\Users\\1\\Sprint_6\\pages\\order_page.py\", line 66, in confirm_order\n    self.click_on_element(OrderPageLocators.CONFIRM_ORDER_BUTTON)\n    ~~~~~~~~~~~~~~~~~~~~~^^^^^^^^^^^^^^^^^^^^^^^^^^^^^^^^^^^^^^^^\n  File \"C:\\Users\\1\\Sprint_6\\.venv\\Lib\\site-packages\\allure_commons\\_allure.py\", line 202, in impl\n    return func(*a, **kw)\n  File \"C:\\Users\\1\\Sprint_6\\pages\\base_page.py\", line 28, in click_on_element\n    element = self.wait_for_element(locator, timeout)\n  File \"C:\\Users\\1\\Sprint_6\\.venv\\Lib\\site-packages\\allure_commons\\_allure.py\", line 202, in impl\n    return func(*a, **kw)\n  File \"C:\\Users\\1\\Sprint_6\\pages\\base_page.py\", line 19, in wait_for_element\n    return WebDriverWait(self.driver, timeout).until(EC.visibility_of_element_located(locator))\n           ~~~~~~~~~~~~~~~~~~~~~~~~~~~~~~~~~~~~~~~~~^^^^^^^^^^^^^^^^^^^^^^^^^^^^^^^^^^^^^^^^^^^\n  File \"C:\\Users\\1\\Sprint_6\\.venv\\Lib\\site-packages\\selenium\\webdriver\\support\\wait.py\", line 122, in until\n    raise TimeoutException(message, screen, stacktrace)\n"}, "steps": [{"name": "Заполнить полную форму заказа c черным самокатом", "status": "broken", "statusDetails": {"message": "selenium.common.exceptions.TimeoutException: Message: \nStacktrace:\nRemoteError@chrome://remote/content/shared/RemoteError.sys.mjs:8:8\nWebDriverError@chrome://remote/content/shared/webdriver/Errors.sys.mjs:202:5\nNoSuchElementError@chrome://remote/content/shared/webdriver/Errors.sys.mjs:555:5\ndom.find/</<@chrome://remote/content/shared/DOM.sys.mjs:136:16\n\n", "trace": "  File \"C:\\Users\\1\\Sprint_6\\.venv\\Lib\\site-packages\\allure_commons\\_allure.py\", line 202, in impl\n    return func(*a, **kw)\n  File \"C:\\Users\\1\\Sprint_6\\pages\\order_page.py\", line 95, in complete_order_with_black_scooter\n    self.confirm_order()\n    ~~~~~~~~~~~~~~~~~~^^\n  File \"C:\\Users\\1\\Sprint_6\\.venv\\Lib\\site-packages\\allure_commons\\_allure.py\", line 202, in impl\n    return func(*a, **kw)\n  File \"C:\\Users\\1\\Sprint_6\\pages\\order_page.py\", line 66, in confirm_order\n    self.click_on_element(OrderPageLocators.CONFIRM_ORDER_BUTTON)\n    ~~~~~~~~~~~~~~~~~~~~~^^^^^^^^^^^^^^^^^^^^^^^^^^^^^^^^^^^^^^^^\n  File \"C:\\Users\\1\\Sprint_6\\.venv\\Lib\\site-packages\\allure_commons\\_allure.py\", line 202, in impl\n    return func(*a, **kw)\n  File \"C:\\Users\\1\\Sprint_6\\pages\\base_page.py\", line 28, in click_on_element\n    element = self.wait_for_element(locator, timeout)\n  File \"C:\\Users\\1\\Sprint_6\\.venv\\Lib\\site-packages\\allure_commons\\_allure.py\", line 202, in impl\n    return func(*a, **kw)\n  File \"C:\\Users\\1\\Sprint_6\\pages\\base_page.py\", line 19, in wait_for_element\n    return WebDriverWait(self.driver, timeout).until(EC.visibility_of_element_located(locator))\n           ~~~~~~~~~~~~~~~~~~~~~~~~~~~~~~~~~~~~~~~~~^^^^^^^^^^^^^^^^^^^^^^^^^^^^^^^^^^^^^^^^^^^\n  File \"C:\\Users\\1\\Sprint_6\\.venv\\Lib\\site-packages\\selenium\\webdriver\\support\\wait.py\", line 122, in until\n    raise TimeoutException(message, screen, stacktrace)\n"}, "steps": [{"name": "Заполнить первую форму заказа", "status": "passed", "steps": [{"name": "Ввести текст в поле ввода", "status": "passed", "steps": [{"name": "Подождать видимости элемента", "status": "passed", "parameters": [{"name": "locator", "value": "('xpath', \".//input[@placeholder='* Имя']\")"}, {"name": "timeout", "value": "10"}], "start": 1767126668167, "stop": 1767126668182}], "parameters": [{"name": "locator", "value": "('xpath', \".//input[@placeholder='* Имя']\")"}, {"name": "keys", "value": "'Катя'"}, {"name": "timeout", "value": "10"}], "start": 1767126668167, "stop": 1767126668219}, {"name": "Ввести текст в поле ввода", "status": "passed", "steps": [{"name": "Подождать видимости элемента", "status": "passed", "parameters": [{"name": "locator", "value": "('xpath', \".//input[@placeholder='* Фамилия']\")"}, {"name": "timeout", "value": "10"}], "start": 1767126668220, "stop": 1767126668234}], "parameters": [{"name": "locator", "value": "('xpath', \".//input[@placeholder='* Фамилия']\")"}, {"name": "keys", "value": "'Петрова'"}, {"name": "timeout", "value": "10"}], "start": 1767126668220, "stop": 1767126668262}, {"name": "Ввести текст в поле ввода", "status": "passed", "steps": [{"name": "Подождать видимости элемента", "status": "passed", "parameters": [{"name": "locator", "value": "('xpath', \".//input[@placeholder='* Адрес: куда привезти заказ']\")"}, {"name": "timeout", "value": "10"}], "start": 1767126668263, "stop": 1767126668290}], "parameters": [{"name": "locator", "value": "('xpath', \".//input[@placeholder='* Адрес: куда привезти заказ']\")"}, {"name": "keys", "value": "'ул. Ленина, д. 10, кв. 5'"}, {"name": "timeout", "value": "10"}], "start": 1767126668262, "stop": 1767126668352}, {"name": "Кликнуть на элемент", "status": "passed", "steps": [{"name": "Подождать видимости элемента", "status": "passed", "parameters": [{"name": "locator", "value": "('xpath', \".//input[@placeholder='* Станция метро']\")"}, {"name": "timeout", "value": "10"}], "start": 1767126668352, "stop": 1767126668363}], "parameters": [{"name": "locator", "value": "('xpath', \".//input[@placeholder='* Станция метро']\")"}, {"name": "timeout", "value": "10"}], "start": 1767126668352, "stop": 1767126668451}, {"name": "Ввести текст в поле ввода", "status": "passed", "steps": [{"name": "Подождать видимости элемента", "status": "passed", "parameters": [{"name": "locator", "value": "('xpath', \".//input[@placeholder='* Телефон: на него позвонит курьер']\")"}, {"name": "timeout", "value": "10"}], "start": 1767126670757, "stop": 1767126670782}], "parameters": [{"name": "locator", "value": "('xpath', \".//input[@placeholder='* Телефон: на него позвонит курьер']\")"}, {"name": "keys", "value": "'+79975648273'"}, {"name": "timeout", "value": "10"}], "start": 1767126670757, "stop": 1767126670827}], "parameters": [{"name": "name", "value": "'Катя'"}, {"name": "surname", "value": "'Петрова'"}, {"name": "address", "value": "'ул. Ленина, д. 10, кв. 5'"}, {"name": "station_index", "value": "0"}, {"name": "phone", "value": "'+79975648273'"}], "start": 1767126668167, "stop": 1767126670827}, {"name": "Нажать кнопку 'Далее'", "status": "passed", "steps": [{"name": "Кликнуть на элемент", "status": "passed", "steps": [{"name": "Подождать видимости элемента", "status": "passed", "parameters": [{"name": "locator", "value": "('xpath', \".//button[text()='Далее']\")"}, {"name": "timeout", "value": "10"}], "start": 1767126670828, "stop": 1767126670843}], "parameters": [{"name": "locator", "value": "('xpath', \".//button[text()='Далее']\")"}, {"name": "timeout", "value": "10"}], "start": 1767126670828, "stop": 1767126670910}], "start": 1767126670827, "stop": 1767126670910}, {"name": "Заполнить вторую форму заказа с черным самокатом", "status": "passed", "steps": [{"name": "Заполнить общие поля второй формы заказа", "status": "passed", "steps": [{"name": "Ввести текст в поле ввода", "status": "passed", "steps": [{"name": "Подождать видимости элемента", "status": "passed", "parameters": [{"name": "locator", "value": "('xpath', \".//input[@placeholder='* Когда привезти самокат']\")"}, {"name": "timeout", "value": "10"}], "start": 1767126670910, "stop": 1767126670921}], "parameters": [{"name": "locator", "value": "('xpath', \".//input[@placeholder='* Когда привезти самокат']\")"}, {"name": "keys", "value": "'20.12.2025'"}, {"name": "timeout", "value": "10"}], "start": 1767126670910, "stop": 1767126671064}, {"name": "Кликнуть на элемент", "status": "passed", "steps": [{"name": "Подождать видимости элемента", "status": "passed", "parameters": [{"name": "locator", "value": "('xpath', \"//div[@class='Order_Header__BZXOb' and text()='Про аренду']\")"}, {"name": "timeout", "value": "10"}], "start": 1767126671064, "stop": 1767126671076}], "parameters": [{"name": "locator", "value": "('xpath', \"//div[@class='Order_Header__BZXOb' and text()='Про аренду']\")"}, {"name": "timeout", "value": "10"}], "start": 1767126671064, "stop": 1767126671146}, {"name": "Кликнуть на элемент", "status": "passed", "steps": [{"name": "Подождать видимости элемента", "status": "passed", "parameters": [{"name": "locator", "value": "('xpath', \"//div[contains(@class, 'Dropdown-placeholder')]\")"}, {"name": "timeout", "value": "10"}], "start": 1767126671146, "stop": 1767126671159}], "parameters": [{"name": "locator", "value": "('xpath', \"//div[contains(@class, 'Dropdown-placeholder')]\")"}, {"name": "timeout", "value": "10"}], "start": 1767126671146, "stop": 1767126671223}, {"name": "Ввести текст в поле ввода", "status": "passed", "steps": [{"name": "Подождать видимости элемента", "status": "passed", "parameters": [{"name": "locator", "value": "('xpath', \".//input[@placeholder='Комментарий для курьера']\")"}, {"name": "timeout", "value": "10"}], "start": 1767126671248, "stop": 1767126671259}], "parameters": [{"name": "locator", "value": "('xpath', \".//input[@placeholder='Комментарий для курьера']\")"}, {"name": "keys", "value": "'Позвонить за час до доставки'"}, {"name": "timeout", "value": "10"}], "start": 1767126671248, "stop": 1767126671313}], "parameters": [{"name": "date", "value": "'20.12.2025'"}, {"name": "period", "value": "'трое суток'"}, {"name": "comment", "value": "'Позвонить за час до доставки'"}], "start": 1767126670910, "stop": 1767126671314}, {"name": "Кликнуть на элемент", "status": "passed", "steps": [{"name": "Подождать видимости элемента", "status": "passed", "parameters": [{"name": "locator", "value": "('id', 'black')"}, {"name": "timeout", "value": "10"}], "start": 1767126671314, "stop": 1767126671325}], "parameters": [{"name": "locator", "value": "('id', 'black')"}, {"name": "timeout", "value": "10"}], "start": 1767126671314, "stop": 1767126671393}], "parameters": [{"name": "date", "value": "'20.12.2025'"}, {"name": "period", "value": "'трое суток'"}, {"name": "comment", "value": "'Позвонить за час до доставки'"}], "start": 1767126670910, "stop": 1767126671393}, {"name": "Нажать кнопку 'Заказать'", "status": "passed", "steps": [{"name": "Кликнуть на элемент", "status": "passed", "steps": [{"name": "Подождать видимости элемента", "status": "passed", "parameters": [{"name": "locator", "value": "('xpath', \".//div[contains(@class, 'Order_Buttons')]//button[text()='Заказать']\")"}, {"name": "timeout", "value": "10"}], "start": 1767126671393, "stop": 1767126671404}], "parameters": [{"name": "locator", "value": "('xpath', \".//div[contains(@class, 'Order_Buttons')]//button[text()='Заказать']\")"}, {"name": "timeout", "value": "10"}], "start": 1767126671393, "stop": 1767126671471}], "start": 1767126671393, "stop": 1767126671471}, {"name": "Подтвердить заказ", "status": "broken", "statusDetails": {"message": "selenium.common.exceptions.TimeoutException: Message: \nStacktrace:\nRemoteError@chrome://remote/content/shared/RemoteError.sys.mjs:8:8\nWebDriverError@chrome://remote/content/shared/webdriver/Errors.sys.mjs:202:5\nNoSuchElementError@chrome://remote/content/shared/webdriver/Errors.sys.mjs:555:5\ndom.find/</<@chrome://remote/content/shared/DOM.sys.mjs:136:16\n\n", "trace": "  File \"C:\\Users\\1\\Sprint_6\\.venv\\Lib\\site-packages\\allure_commons\\_allure.py\", line 202, in impl\n    return func(*a, **kw)\n  File \"C:\\Users\\1\\Sprint_6\\pages\\order_page.py\", line 66, in confirm_order\n    self.click_on_element(OrderPageLocators.CONFIRM_ORDER_BUTTON)\n    ~~~~~~~~~~~~~~~~~~~~~^^^^^^^^^^^^^^^^^^^^^^^^^^^^^^^^^^^^^^^^\n  File \"C:\\Users\\1\\Sprint_6\\.venv\\Lib\\site-packages\\allure_commons\\_allure.py\", line 202, in impl\n    return func(*a, **kw)\n  File \"C:\\Users\\1\\Sprint_6\\pages\\base_page.py\", line 28, in click_on_element\n    element = self.wait_for_element(locator, timeout)\n  File \"C:\\Users\\1\\Sprint_6\\.venv\\Lib\\site-packages\\allure_commons\\_allure.py\", line 202, in impl\n    return func(*a, **kw)\n  File \"C:\\Users\\1\\Sprint_6\\pages\\base_page.py\", line 19, in wait_for_element\n    return WebDriverWait(self.driver, timeout).until(EC.visibility_of_element_located(locator))\n           ~~~~~~~~~~~~~~~~~~~~~~~~~~~~~~~~~~~~~~~~~^^^^^^^^^^^^^^^^^^^^^^^^^^^^^^^^^^^^^^^^^^^\n  File \"C:\\Users\\1\\Sprint_6\\.venv\\Lib\\site-packages\\selenium\\webdriver\\support\\wait.py\", line 122, in until\n    raise TimeoutException(message, screen, stacktrace)\n"}, "steps": [{"name": "Кликнуть на элемент", "status": "broken", "statusDetails": {"message": "selenium.common.exceptions.TimeoutException: Message: \nStacktrace:\nRemoteError@chrome://remote/content/shared/RemoteError.sys.mjs:8:8\nWebDriverError@chrome://remote/content/shared/webdriver/Errors.sys.mjs:202:5\nNoSuchElementError@chrome://remote/content/shared/webdriver/Errors.sys.mjs:555:5\ndom.find/</<@chrome://remote/content/shared/DOM.sys.mjs:136:16\n\n", "trace": "  File \"C:\\Users\\1\\Sprint_6\\.venv\\Lib\\site-packages\\allure_commons\\_allure.py\", line 202, in impl\n    return func(*a, **kw)\n  File \"C:\\Users\\1\\Sprint_6\\pages\\base_page.py\", line 28, in click_on_element\n    element = self.wait_for_element(locator, timeout)\n  File \"C:\\Users\\1\\Sprint_6\\.venv\\Lib\\site-packages\\allure_commons\\_allure.py\", line 202, in impl\n    return func(*a, **kw)\n  File \"C:\\Users\\1\\Sprint_6\\pages\\base_page.py\", line 19, in wait_for_element\n    return WebDriverWait(self.driver, timeout).until(EC.visibility_of_element_located(locator))\n           ~~~~~~~~~~~~~~~~~~~~~~~~~~~~~~~~~~~~~~~~~^^^^^^^^^^^^^^^^^^^^^^^^^^^^^^^^^^^^^^^^^^^\n  File \"C:\\Users\\1\\Sprint_6\\.venv\\Lib\\site-packages\\selenium\\webdriver\\support\\wait.py\", line 122, in until\n    raise TimeoutException(message, screen, stacktrace)\n"}, "steps": [{"name": "Подождать видимости элемента", "status": "broken", "statusDetails": {"message": "selenium.common.exceptions.TimeoutException: Message: \nStacktrace:\nRemoteError@chrome://remote/content/shared/RemoteError.sys.mjs:8:8\nWebDriverError@chrome://remote/content/shared/webdriver/Errors.sys.mjs:202:5\nNoSuchElementError@chrome://remote/content/shared/webdriver/Errors.sys.mjs:555:5\ndom.find/</<@chrome://remote/content/shared/DOM.sys.mjs:136:16\n\n", "trace": "  File \"C:\\Users\\1\\Sprint_6\\.venv\\Lib\\site-packages\\allure_commons\\_allure.py\", line 202, in impl\n    return func(*a, **kw)\n  File \"C:\\Users\\1\\Sprint_6\\pages\\base_page.py\", line 19, in wait_for_element\n    return WebDriverWait(self.driver, timeout).until(EC.visibility_of_element_located(locator))\n           ~~~~~~~~~~~~~~~~~~~~~~~~~~~~~~~~~~~~~~~~~^^^^^^^^^^^^^^^^^^^^^^^^^^^^^^^^^^^^^^^^^^^\n  File \"C:\\Users\\1\\Sprint_6\\.venv\\Lib\\site-packages\\selenium\\webdriver\\support\\wait.py\", line 122, in until\n    raise TimeoutException(message, screen, stacktrace)\n"}, "parameters": [{"name": "locator", "value": "('xpath', \".//button[text()='Да']\")"}, {"name": "timeout", "value": "10"}], "start": 1767126671472, "stop": 1767126681640}], "parameters": [{"name": "locator", "value": "('xpath', \".//button[text()='Да']\")"}, {"name": "timeout", "value": "10"}], "start": 1767126671472, "stop": 1767126681643}], "start": 1767126671471, "stop": 1767126681646}], "parameters": [{"name": "order_data", "value": "{'name': 'Катя', 'surname': 'Петрова', 'address': 'ул. Ленина, д. 10, кв. 5', 'station_index': 0, 'phone': '+79975648273', 'date': '20.12.2025', 'period': 'трое суток', 'comment': 'Позвонить за час до доставки'}"}], "start": 1767126668167, "stop": 1767126681650}], "start": 1767126668167, "stop": 1767126681654}], "start": 1767126667911, "stop": 1767126681658, "uuid": "255c123b-c0cc-4a93-862b-6995981e314a", "historyId": "177194bab9b7cc5a5e3d46b949aed482", "testCaseId": "177194bab9b7cc5a5e3d46b949aed482", "fullName": "tests.test_order_flow.TestOrderFlow#test_order_black_scooter_via_bottom_button_data_1", "labels": [{"name": "parentSuite", "value": "tests"}, {"name": "suite", "value": "test_order_flow"}, {"name": "subSuite", "value": "TestOrderFlow"}, {"name": "host", "value": "DESKTOP-FQNA0G3"}, {"name": "thread", "value": "17176-MainThread"}, {"name": "framework", "value": "pytest"}, {"name": "language", "value": "cpython3"}, {"name": "package", "value": "tests.test_order_flow"}], "titlePath": ["tests", "test_order_flow.py", "TestOrderFlow"]}