{"name": "Заказ черного самоката через верхнюю кнопку - набор данных 1", "status": "broken", "statusDetails": {"message": "selenium.common.exceptions.TimeoutException: Message: \nStacktrace:\nRemoteError@chrome://remote/content/shared/RemoteError.sys.mjs:8:8\nWebDriverError@chrome://remote/content/shared/webdriver/Errors.sys.mjs:202:5\nNoSuchElementError@chrome://remote/content/shared/webdriver/Errors.sys.mjs:555:5\ndom.find/</<@chrome://remote/content/shared/DOM.sys.mjs:136:16", "trace": "self = <test_order_flow.TestOrderFlow object at 0x000002864EF2A210>, main_page = <pages.main_page.MainPage object at 0x000002864EFA9400>\norder_page = <pages.order_page.OrderPage object at 0x000002864EFA96A0>\n\n    @allure.title(\"Заказ черного самоката через верхнюю кнопку - набор данных 1\")\n    def test_order_black_scooter_via_top_button_data_1(self, main_page, order_page):\n        with allure.step(\"Принять куки\"):\n            main_page.accept_cookies()\n    \n        with allure.step(\"Нажать на верхнюю кнопку 'Заказать'\"):\n            main_page.click_order_button_top()\n    \n        with allure.step(\"Заполнить форму заказа черного самоката\"):\n>           is_successful = order_page.complete_order_with_black_scooter(TestData.ORDER_DATA_1)\n                            ^^^^^^^^^^^^^^^^^^^^^^^^^^^^^^^^^^^^^^^^^^^^^^^^^^^^^^^^^^^^^^^^^^^\n\ntests\\test_order_flow.py:17: \n_ _ _ _ _ _ _ _ _ _ _ _ _ _ _ _ _ _ _ _ _ _ _ _ _ _ _ _ _ _ _ _ _ _ _ _ _ _ _ _ _ _ _ _ _ _ _ _ _ _ _ _ _ _ _ _ _ _ _ _ _ _ _ _ _ _ _ _ _ _ _ _ _ _ _ _ _ _ _ _ _ _ _\npages\\order_page.py:95: in complete_order_with_black_scooter\n    self.confirm_order()\npages\\order_page.py:66: in confirm_order\n    self.click_on_element(OrderPageLocators.CONFIRM_ORDER_BUTTON)\npages\\base_page.py:28: in click_on_element\n    element = self.wait_for_element(locator, timeout)\n              ^^^^^^^^^^^^^^^^^^^^^^^^^^^^^^^^^^^^^^^\npages\\base_page.py:19: in wait_for_element\n    return WebDriverWait(self.driver, timeout).until(EC.visibility_of_element_located(locator))\n           ^^^^^^^^^^^^^^^^^^^^^^^^^^^^^^^^^^^^^^^^^^^^^^^^^^^^^^^^^^^^^^^^^^^^^^^^^^^^^^^^^^^^\n_ _ _ _ _ _ _ _ _ _ _ _ _ _ _ _ _ _ _ _ _ _ _ _ _ _ _ _ _ _ _ _ _ _ _ _ _ _ _ _ _ _ _ _ _ _ _ _ _ _ _ _ _ _ _ _ _ _ _ _ _ _ _ _ _ _ _ _ _ _ _ _ _ _ _ _ _ _ _ _ _ _ _\n\nself = <selenium.webdriver.support.wait.WebDriverWait (session=\"af2bcd55-9bae-46d4-955b-95c96067e0be\")>\nmethod = <function visibility_of_element_located.<locals>._predicate at 0x000002864EFECA90>, message = ''\n\n    def until(self, method: Callable[[D], Literal[False] | T], message: str = \"\") -> T:\n        \"\"\"Wait until the method returns a value that is not False.\n    \n        Calls the method provided with the driver as an argument until the\n        return value does not evaluate to ``False``.\n    \n        Args:\n            method: A callable object that takes a WebDriver instance as an\n                argument.\n            message: Optional message for TimeoutException.\n    \n        Returns:\n            The result of the last call to `method`.\n    \n        Raises:\n            TimeoutException: If 'method' does not return a truthy value within\n                the WebDriverWait object's timeout.\n    \n        Example:\n            >>> from selenium.webdriver.common.by import By\n            >>> from selenium.webdriver.support.ui import WebDriverWait\n            >>> from selenium.webdriver.support import expected_conditions as EC\n            >>>\n            >>> # Wait until an element is visible on the page\n            >>> wait = WebDriverWait(driver, 10)\n            >>> element = wait.until(EC.visibility_of_element_located((By.ID, \"exampleId\")))\n            >>> print(element.text)\n        \"\"\"\n        screen = None\n        stacktrace = None\n    \n        end_time = time.monotonic() + self._timeout\n        while True:\n            try:\n                value = method(self._driver)\n                if value:\n                    return value\n            except self._ignored_exceptions as exc:\n                screen = getattr(exc, \"screen\", None)\n                stacktrace = getattr(exc, \"stacktrace\", None)\n            if time.monotonic() > end_time:\n                break\n            time.sleep(self._poll)\n>       raise TimeoutException(message, screen, stacktrace)\nE       selenium.common.exceptions.TimeoutException: Message: \nE       Stacktrace:\nE       RemoteError@chrome://remote/content/shared/RemoteError.sys.mjs:8:8\nE       WebDriverError@chrome://remote/content/shared/webdriver/Errors.sys.mjs:202:5\nE       NoSuchElementError@chrome://remote/content/shared/webdriver/Errors.sys.mjs:555:5\nE       dom.find/</<@chrome://remote/content/shared/DOM.sys.mjs:136:16\n\n.venv\\Lib\\site-packages\\selenium\\webdriver\\support\\wait.py:122: TimeoutException"}, "steps": [{"name": "Принять куки", "status": "passed", "steps": [{"name": "Принять куки", "status": "passed", "steps": [{"name": "Кликнуть на элемент", "status": "passed", "steps": [{"name": "Подождать видимости элемента", "status": "passed", "parameters": [{"name": "locator", "value": "('id', 'rcc-confirm-button')"}, {"name": "timeout", "value": "10"}], "start": 1767126643694, "stop": 1767126643723}], "parameters": [{"name": "locator", "value": "('id', 'rcc-confirm-button')"}, {"name": "timeout", "value": "10"}], "start": 1767126643694, "stop": 1767126643806}], "start": 1767126643694, "stop": 1767126643806}], "start": 1767126643694, "stop": 1767126643806}, {"name": "Нажать на верхнюю кнопку 'Заказать'", "status": "passed", "steps": [{"name": "Кликнуть на кнопку 'Заказать' вверху", "status": "passed", "steps": [{"name": "Кликнуть на элемент", "status": "passed", "steps": [{"name": "Подождать видимости элемента", "status": "passed", "parameters": [{"name": "locator", "value": "('xpath', \"//button[text()='Заказать']\")"}, {"name": "timeout", "value": "10"}], "start": 1767126643806, "stop": 1767126643818}], "parameters": [{"name": "locator", "value": "('xpath', \"//button[text()='Заказать']\")"}, {"name": "timeout", "value": "10"}], "start": 1767126643806, "stop": 1767126643909}], "start": 1767126643806, "stop": 1767126643909}], "start": 1767126643806, "stop": 1767126643909}, {"name": "Заполнить форму заказа черного самоката", "status": "broken", "statusDetails": {"message": "selenium.common.exceptions.TimeoutException: Message: \nStacktrace:\nRemoteError@chrome://remote/content/shared/RemoteError.sys.mjs:8:8\nWebDriverError@chrome://remote/content/shared/webdriver/Errors.sys.mjs:202:5\nNoSuchElementError@chrome://remote/content/shared/webdriver/Errors.sys.mjs:555:5\ndom.find/</<@chrome://remote/content/shared/DOM.sys.mjs:136:16\n\n", "trace": "  File \"C:\\Users\\1\\Sprint_6\\tests\\test_order_flow.py\", line 17, in test_order_black_scooter_via_top_button_data_1\n    is_successful = order_page.complete_order_with_black_scooter(TestData.ORDER_DATA_1)\n  File \"C:\\Users\\1\\Sprint_6\\.venv\\Lib\\site-packages\\allure_commons\\_allure.py\", line 202, in impl\n    return func(*a, **kw)\n  File \"C:\\Users\\1\\Sprint_6\\pages\\order_page.py\", line 95, in complete_order_with_black_scooter\n    self.confirm_order()\n    ~~~~~~~~~~~~~~~~~~^^\n  File \"C:\\Users\\1\\Sprint_6\\.venv\\Lib\\site-packages\\allure_commons\\_allure.py\", line 202, in impl\n    return func(*a, **kw)\n  File \"C:\\Users\\1\\Sprint_6\\pages\\order_page.py\", line 66, in confirm_order\n    self.click_on_element(OrderPageLocators.CONFIRM_ORDER_BUTTON)\n    ~~~~~~~~~~~~~~~~~~~~~^^^^^^^^^^^^^^^^^^^^^^^^^^^^^^^^^^^^^^^^\n  File \"C:\\Users\\1\\Sprint_6\\.venv\\Lib\\site-packages\\allure_commons\\_allure.py\", line 202, in impl\n    return func(*a, **kw)\n  File \"C:\\Users\\1\\Sprint_6\\pages\\base_page.py\", line 28, in click_on_element\n    element = self.wait_for_element(locator, timeout)\n  File \"C:\\Users\\1\\Sprint_6\\.venv\\Lib\\site-packages\\allure_commons\\_allure.py\", line 202, in impl\n    return func(*a, **kw)\n  File \"C:\\Users\\1\\Sprint_6\\pages\\base_page.py\", line 19, in wait_for_element\n    return WebDriverWait(self.driver, timeout).until(EC.visibility_of_element_located(locator))\n           ~~~~~~~~~~~~~~~~~~~~~~~~~~~~~~~~~~~~~~~~~^^^^^^^^^^^^^^^^^^^^^^^^^^^^^^^^^^^^^^^^^^^\n  File \"C:\\Users\\1\\Sprint_6\\.venv\\Lib\\site-packages\\selenium\\webdriver\\support\\wait.py\", line 122, in until\n    raise TimeoutException(message, screen, stacktrace)\n"}, "steps": [{"name": "Заполнить полную форму заказа c черным самокатом", "status": "broken", "statusDetails": {"message": "selenium.common.exceptions.TimeoutException: Message: \nStacktrace:\nRemoteError@chrome://remote/content/shared/RemoteError.sys.mjs:8:8\nWebDriverError@chrome://remote/content/shared/webdriver/Errors.sys.mjs:202:5\nNoSuchElementError@chrome://remote/content/shared/webdriver/Errors.sys.mjs:555:5\ndom.find/</<@chrome://remote/content/shared/DOM.sys.mjs:136:16\n\n", "trace": "  File \"C:\\Users\\1\\Sprint_6\\.venv\\Lib\\site-packages\\allure_commons\\_allure.py\", line 202, in impl\n    return func(*a, **kw)\n  File \"C:\\Users\\1\\Sprint_6\\pages\\order_page.py\", line 95, in complete_order_with_black_scooter\n    self.confirm_order()\n    ~~~~~~~~~~~~~~~~~~^^\n  File \"C:\\Users\\1\\Sprint_6\\.venv\\Lib\\site-packages\\allure_commons\\_allure.py\", line 202, in impl\n    return func(*a, **kw)\n  File \"C:\\Users\\1\\Sprint_6\\pages\\order_page.py\", line 66, in confirm_order\n    self.click_on_element(OrderPageLocators.CONFIRM_ORDER_BUTTON)\n    ~~~~~~~~~~~~~~~~~~~~~^^^^^^^^^^^^^^^^^^^^^^^^^^^^^^^^^^^^^^^^\n  File \"C:\\Users\\1\\Sprint_6\\.venv\\Lib\\site-packages\\allure_commons\\_allure.py\", line 202, in impl\n    return func(*a, **kw)\n  File \"C:\\Users\\1\\Sprint_6\\pages\\base_page.py\", line 28, in click_on_element\n    element = self.wait_for_element(locator, timeout)\n  File \"C:\\Users\\1\\Sprint_6\\.venv\\Lib\\site-packages\\allure_commons\\_allure.py\", line 202, in impl\n    return func(*a, **kw)\n  File \"C:\\Users\\1\\Sprint_6\\pages\\base_page.py\", line 19, in wait_for_element\n    return WebDriverWait(self.driver, timeout).until(EC.visibility_of_element_located(locator))\n           ~~~~~~~~~~~~~~~~~~~~~~~~~~~~~~~~~~~~~~~~~^^^^^^^^^^^^^^^^^^^^^^^^^^^^^^^^^^^^^^^^^^^\n  File \"C:\\Users\\1\\Sprint_6\\.venv\\Lib\\site-packages\\selenium\\webdriver\\support\\wait.py\", line 122, in until\n    raise TimeoutException(message, screen, stacktrace)\n"}, "steps": [{"name": "Заполнить первую форму заказа", "status": "passed", "steps": [{"name": "Ввести текст в поле ввода", "status": "passed", "steps": [{"name": "Подождать видимости элемента", "status": "passed", "parameters": [{"name": "locator", "value": "('xpath', \".//input[@placeholder='* Имя']\")"}, {"name": "timeout", "value": "10"}], "start": 1767126643910, "stop": 1767126643925}], "parameters": [{"name": "locator", "value": "('xpath', \".//input[@placeholder='* Имя']\")"}, {"name": "keys", "value": "'Катя'"}, {"name": "timeout", "value": "10"}], "start": 1767126643910, "stop": 1767126643960}, {"name": "Ввести текст в поле ввода", "status": "passed", "steps": [{"name": "Подождать видимости элемента", "status": "passed", "parameters": [{"name": "locator", "value": "('xpath', \".//input[@placeholder='* Фамилия']\")"}, {"name": "timeout", "value": "10"}], "start": 1767126643961, "stop": 1767126643976}], "parameters": [{"name": "locator", "value": "('xpath', \".//input[@placeholder='* Фамилия']\")"}, {"name": "keys", "value": "'Петрова'"}, {"name": "timeout", "value": "10"}], "start": 1767126643961, "stop": 1767126644006}, {"name": "Ввести текст в поле ввода", "status": "passed", "steps": [{"name": "Подождать видимости элемента", "status": "passed", "parameters": [{"name": "locator", "value": "('xpath', \".//input[@placeholder='* Адрес: куда привезти заказ']\")"}, {"name": "timeout", "value": "10"}], "start": 1767126644007, "stop": 1767126644022}], "parameters": [{"name": "locator", "value": "('xpath', \".//input[@placeholder='* Адрес: куда привезти заказ']\")"}, {"name": "keys", "value": "'ул. Ленина, д. 10, кв. 5'"}, {"name": "timeout", "value": "10"}], "start": 1767126644006, "stop": 1767126644080}, {"name": "Кликнуть на элемент", "status": "passed", "steps": [{"name": "Подождать видимости элемента", "status": "passed", "parameters": [{"name": "locator", "value": "('xpath', \".//input[@placeholder='* Станция метро']\")"}, {"name": "timeout", "value": "10"}], "start": 1767126644080, "stop": 1767126644091}], "parameters": [{"name": "locator", "value": "('xpath', \".//input[@placeholder='* Станция метро']\")"}, {"name": "timeout", "value": "10"}], "start": 1767126644080, "stop": 1767126644178}, {"name": "Ввести текст в поле ввода", "status": "passed", "steps": [{"name": "Подождать видимости элемента", "status": "passed", "parameters": [{"name": "locator", "value": "('xpath', \".//input[@placeholder='* Телефон: на него позвонит курьер']\")"}, {"name": "timeout", "value": "10"}], "start": 1767126646487, "stop": 1767126646512}], "parameters": [{"name": "locator", "value": "('xpath', \".//input[@placeholder='* Телефон: на него позвонит курьер']\")"}, {"name": "keys", "value": "'+79975648273'"}, {"name": "timeout", "value": "10"}], "start": 1767126646487, "stop": 1767126646549}], "parameters": [{"name": "name", "value": "'Катя'"}, {"name": "surname", "value": "'Петрова'"}, {"name": "address", "value": "'ул. Ленина, д. 10, кв. 5'"}, {"name": "station_index", "value": "0"}, {"name": "phone", "value": "'+79975648273'"}], "start": 1767126643910, "stop": 1767126646549}, {"name": "Нажать кнопку 'Далее'", "status": "passed", "steps": [{"name": "Кликнуть на элемент", "status": "passed", "steps": [{"name": "Подождать видимости элемента", "status": "passed", "parameters": [{"name": "locator", "value": "('xpath', \".//button[text()='Далее']\")"}, {"name": "timeout", "value": "10"}], "start": 1767126646549, "stop": 1767126646561}], "parameters": [{"name": "locator", "value": "('xpath', \".//button[text()='Далее']\")"}, {"name": "timeout", "value": "10"}], "start": 1767126646549, "stop": 1767126646639}], "start": 1767126646549, "stop": 1767126646639}, {"name": "Заполнить вторую форму заказа с черным самокатом", "status": "passed", "steps": [{"name": "Заполнить общие поля второй формы заказа", "status": "passed", "steps": [{"name": "Ввести текст в поле ввода", "status": "passed", "steps": [{"name": "Подождать видимости элемента", "status": "passed", "parameters": [{"name": "locator", "value": "('xpath', \".//input[@placeholder='* Когда привезти самокат']\")"}, {"name": "timeout", "value": "10"}], "start": 1767126646640, "stop": 1767126646651}], "parameters": [{"name": "locator", "value": "('xpath', \".//input[@placeholder='* Когда привезти самокат']\")"}, {"name": "keys", "value": "'20.12.2025'"}, {"name": "timeout", "value": "10"}], "start": 1767126646640, "stop": 1767126646771}, {"name": "Кликнуть на элемент", "status": "passed", "steps": [{"name": "Подождать видимости элемента", "status": "passed", "parameters": [{"name": "locator", "value": "('xpath', \"//div[@class='Order_Header__BZXOb' and text()='Про аренду']\")"}, {"name": "timeout", "value": "10"}], "start": 1767126646771, "stop": 1767126646782}], "parameters": [{"name": "locator", "value": "('xpath', \"//div[@class='Order_Header__BZXOb' and text()='Про аренду']\")"}, {"name": "timeout", "value": "10"}], "start": 1767126646771, "stop": 1767126646855}, {"name": "Кликнуть на элемент", "status": "passed", "steps": [{"name": "Подождать видимости элемента", "status": "passed", "parameters": [{"name": "locator", "value": "('xpath', \"//div[contains(@class, 'Dropdown-placeholder')]\")"}, {"name": "timeout", "value": "10"}], "start": 1767126646855, "stop": 1767126646876}], "parameters": [{"name": "locator", "value": "('xpath', \"//div[contains(@class, 'Dropdown-placeholder')]\")"}, {"name": "timeout", "value": "10"}], "start": 1767126646855, "stop": 1767126646947}, {"name": "Ввести текст в поле ввода", "status": "passed", "steps": [{"name": "Подождать видимости элемента", "status": "passed", "parameters": [{"name": "locator", "value": "('xpath', \".//input[@placeholder='Комментарий для курьера']\")"}, {"name": "timeout", "value": "10"}], "start": 1767126646977, "stop": 1767126646989}], "parameters": [{"name": "locator", "value": "('xpath', \".//input[@placeholder='Комментарий для курьера']\")"}, {"name": "keys", "value": "'Позвонить за час до доставки'"}, {"name": "timeout", "value": "10"}], "start": 1767126646977, "stop": 1767126647044}], "parameters": [{"name": "date", "value": "'20.12.2025'"}, {"name": "period", "value": "'трое суток'"}, {"name": "comment", "value": "'Позвонить за час до доставки'"}], "start": 1767126646639, "stop": 1767126647044}, {"name": "Кликнуть на элемент", "status": "passed", "steps": [{"name": "Подождать видимости элемента", "status": "passed", "parameters": [{"name": "locator", "value": "('id', 'black')"}, {"name": "timeout", "value": "10"}], "start": 1767126647044, "stop": 1767126647054}], "parameters": [{"name": "locator", "value": "('id', 'black')"}, {"name": "timeout", "value": "10"}], "start": 1767126647044, "stop": 1767126647119}], "parameters": [{"name": "date", "value": "'20.12.2025'"}, {"name": "period", "value": "'трое суток'"}, {"name": "comment", "value": "'Позвонить за час до доставки'"}], "start": 1767126646639, "stop": 1767126647119}, {"name": "Нажать кнопку 'Заказать'", "status": "passed", "steps": [{"name": "Кликнуть на элемент", "status": "passed", "steps": [{"name": "Подождать видимости элемента", "status": "passed", "parameters": [{"name": "locator", "value": "('xpath', \".//div[contains(@class, 'Order_Buttons')]//button[text()='Заказать']\")"}, {"name": "timeout", "value": "10"}], "start": 1767126647119, "stop": 1767126647130}], "parameters": [{"name": "locator", "value": "('xpath', \".//div[contains(@class, 'Order_Buttons')]//button[text()='Заказать']\")"}, {"name": "timeout", "value": "10"}], "start": 1767126647119, "stop": 1767126647197}], "start": 1767126647119, "stop": 1767126647197}, {"name": "Подтвердить заказ", "status": "broken", "statusDetails": {"message": "selenium.common.exceptions.TimeoutException: Message: \nStacktrace:\nRemoteError@chrome://remote/content/shared/RemoteError.sys.mjs:8:8\nWebDriverError@chrome://remote/content/shared/webdriver/Errors.sys.mjs:202:5\nNoSuchElementError@chrome://remote/content/shared/webdriver/Errors.sys.mjs:555:5\ndom.find/</<@chrome://remote/content/shared/DOM.sys.mjs:136:16\n\n", "trace": "  File \"C:\\Users\\1\\Sprint_6\\.venv\\Lib\\site-packages\\allure_commons\\_allure.py\", line 202, in impl\n    return func(*a, **kw)\n  File \"C:\\Users\\1\\Sprint_6\\pages\\order_page.py\", line 66, in confirm_order\n    self.click_on_element(OrderPageLocators.CONFIRM_ORDER_BUTTON)\n    ~~~~~~~~~~~~~~~~~~~~~^^^^^^^^^^^^^^^^^^^^^^^^^^^^^^^^^^^^^^^^\n  File \"C:\\Users\\1\\Sprint_6\\.venv\\Lib\\site-packages\\allure_commons\\_allure.py\", line 202, in impl\n    return func(*a, **kw)\n  File \"C:\\Users\\1\\Sprint_6\\pages\\base_page.py\", line 28, in click_on_element\n    element = self.wait_for_element(locator, timeout)\n  File \"C:\\Users\\1\\Sprint_6\\.venv\\Lib\\site-packages\\allure_commons\\_allure.py\", line 202, in impl\n    return func(*a, **kw)\n  File \"C:\\Users\\1\\Sprint_6\\pages\\base_page.py\", line 19, in wait_for_element\n    return WebDriverWait(self.driver, timeout).until(EC.visibility_of_element_located(locator))\n           ~~~~~~~~~~~~~~~~~~~~~~~~~~~~~~~~~~~~~~~~~^^^^^^^^^^^^^^^^^^^^^^^^^^^^^^^^^^^^^^^^^^^\n  File \"C:\\Users\\1\\Sprint_6\\.venv\\Lib\\site-packages\\selenium\\webdriver\\support\\wait.py\", line 122, in until\n    raise TimeoutException(message, screen, stacktrace)\n"}, "steps": [{"name": "Кликнуть на элемент", "status": "broken", "statusDetails": {"message": "selenium.common.exceptions.TimeoutException: Message: \nStacktrace:\nRemoteError@chrome://remote/content/shared/RemoteError.sys.mjs:8:8\nWebDriverError@chrome://remote/content/shared/webdriver/Errors.sys.mjs:202:5\nNoSuchElementError@chrome://remote/content/shared/webdriver/Errors.sys.mjs:555:5\ndom.find/</<@chrome://remote/content/shared/DOM.sys.mjs:136:16\n\n", "trace": "  File \"C:\\Users\\1\\Sprint_6\\.venv\\Lib\\site-packages\\allure_commons\\_allure.py\", line 202, in impl\n    return func(*a, **kw)\n  File \"C:\\Users\\1\\Sprint_6\\pages\\base_page.py\", line 28, in click_on_element\n    element = self.wait_for_element(locator, timeout)\n  File \"C:\\Users\\1\\Sprint_6\\.venv\\Lib\\site-packages\\allure_commons\\_allure.py\", line 202, in impl\n    return func(*a, **kw)\n  File \"C:\\Users\\1\\Sprint_6\\pages\\base_page.py\", line 19, in wait_for_element\n    return WebDriverWait(self.driver, timeout).until(EC.visibility_of_element_located(locator))\n           ~~~~~~~~~~~~~~~~~~~~~~~~~~~~~~~~~~~~~~~~~^^^^^^^^^^^^^^^^^^^^^^^^^^^^^^^^^^^^^^^^^^^\n  File \"C:\\Users\\1\\Sprint_6\\.venv\\Lib\\site-packages\\selenium\\webdriver\\support\\wait.py\", line 122, in until\n    raise TimeoutException(message, screen, stacktrace)\n"}, "steps": [{"name": "Подождать видимости элемента", "status": "broken", "statusDetails": {"message": "selenium.common.exceptions.TimeoutException: Message: \nStacktrace:\nRemoteError@chrome://remote/content/shared/RemoteError.sys.mjs:8:8\nWebDriverError@chrome://remote/content/shared/webdriver/Errors.sys.mjs:202:5\nNoSuchElementError@chrome://remote/content/shared/webdriver/Errors.sys.mjs:555:5\ndom.find/</<@chrome://remote/content/shared/DOM.sys.mjs:136:16\n\n", "trace": "  File \"C:\\Users\\1\\Sprint_6\\.venv\\Lib\\site-packages\\allure_commons\\_allure.py\", line 202, in impl\n    return func(*a, **kw)\n  File \"C:\\Users\\1\\Sprint_6\\pages\\base_page.py\", line 19, in wait_for_element\n    return WebDriverWait(self.driver, timeout).until(EC.visibility_of_element_located(locator))\n           ~~~~~~~~~~~~~~~~~~~~~~~~~~~~~~~~~~~~~~~~~^^^^^^^^^^^^^^^^^^^^^^^^^^^^^^^^^^^^^^^^^^^\n  File \"C:\\Users\\1\\Sprint_6\\.venv\\Lib\\site-packages\\selenium\\webdriver\\support\\wait.py\", line 122, in until\n    raise TimeoutException(message, screen, stacktrace)\n"}, "parameters": [{"name": "locator", "value": "('xpath', \".//button[text()='Да']\")"}, {"name": "timeout", "value": "10"}], "start": 1767126647197, "stop": 1767126657380}], "parameters": [{"name": "locator", "value": "('xpath', \".//button[text()='Да']\")"}, {"name": "timeout", "value": "10"}], "start": 1767126647197, "stop": 1767126657385}], "start": 1767126647197, "stop": 1767126657388}], "parameters": [{"name": "order_data", "value": "{'name': 'Катя', 'surname': 'Петрова', 'address': 'ул. Ленина, д. 10, кв. 5', 'station_index': 0, 'phone': '+79975648273', 'date': '20.12.2025', 'period': 'трое суток', 'comment': 'Позвонить за час до доставки'}"}], "start": 1767126643910, "stop": 1767126657393}], "start": 1767126643909, "stop": 1767126657397}], "start": 1767126643693, "stop": 1767126657405, "uuid": "ae5e7dc5-89be-4430-8b43-ea19a9a04033", "historyId": "0e7405beb28897b1bcd77bb72a2a374a", "testCaseId": "0e7405beb28897b1bcd77bb72a2a374a", "fullName": "tests.test_order_flow.TestOrderFlow#test_order_black_scooter_via_top_button_data_1", "labels": [{"name": "parentSuite", "value": "tests"}, {"name": "suite", "value": "test_order_flow"}, {"name": "subSuite", "value": "TestOrderFlow"}, {"name": "host", "value": "DESKTOP-FQNA0G3"}, {"name": "thread", "value": "17176-MainThread"}, {"name": "framework", "value": "pytest"}, {"name": "language", "value": "cpython3"}, {"name": "package", "value": "tests.test_order_flow"}], "titlePath": ["tests", "test_order_flow.py", "TestOrderFlow"]}